Build started 2/15/2016 10:46:38 AM.
     1>Project "E:\Users\yogesh\Desktop\ai\SlidingPuzle c++ A star\SlidingPuzle A star\SlidingPuzle A star.vcxproj" on node 2 (build target(s)).
     1>InitializeBuildStatus:
         Creating "Debug\SlidingPuzle A star.unsuccessfulbuild" because "AlwaysCreate" was specified.
       ClCompile:
         E:\Program Files\Microsoft Visual Studio 10.0\VC\bin\CL.exe /c /ZI /nologo /W3 /WX- /Od /Oy- /D _MBCS /Gm /EHsc /RTC1 /MDd /GS /fp:precise /Zc:wchar_t /Zc:forScope /Fo"Debug\\" /Fd"Debug\vc100.pdb" /Gd /TP /analyze- /errorReport:prompt main.cpp
         main.cpp
     1>e:\users\yogesh\desktop\ai\slidingpuzle c++ a star\slidingpuzle a star\main.cpp(92): warning C4552: '+' : operator has no effect; expected operator with side-effect
     1>e:\users\yogesh\desktop\ai\slidingpuzle c++ a star\slidingpuzle a star\main.cpp(376): warning C4018: '<' : signed/unsigned mismatch
       Link:
         E:\Program Files\Microsoft Visual Studio 10.0\VC\bin\link.exe /ERRORREPORT:PROMPT /OUT:"E:\Users\yogesh\Desktop\ai\SlidingPuzle c++ A star\Debug\SlidingPuzle A star.exe" /NOLOGO kernel32.lib user32.lib gdi32.lib winspool.lib comdlg32.lib advapi32.lib shell32.lib ole32.lib oleaut32.lib uuid.lib odbc32.lib odbccp32.lib /MANIFEST /ManifestFile:"Debug\SlidingPuzle A star.exe.intermediate.manifest" /MANIFESTUAC:"level='asInvoker' uiAccess='false'" /DEBUG /PDB:"E:\Users\yogesh\Desktop\ai\SlidingPuzle c++ A star\Debug\SlidingPuzle A star.pdb" /TLBID:1 /DYNAMICBASE /NXCOMPAT /IMPLIB:"E:\Users\yogesh\Desktop\ai\SlidingPuzle c++ A star\Debug\SlidingPuzle A star.lib" /MACHINE:X86 Debug\main.obj
         LINK : E:\Users\yogesh\Desktop\ai\SlidingPuzle c++ A star\Debug\SlidingPuzle A star.exe not found or not built by the last incremental link; performing full link
         SlidingPuzle A star.vcxproj -> E:\Users\yogesh\Desktop\ai\SlidingPuzle c++ A star\Debug\SlidingPuzle A star.exe
       Manifest:
         E:\Program Files\Microsoft SDKs\Windows\v7.0A\bin\mt.exe /nologo /verbose /outputresource:"E:\Users\yogesh\Desktop\ai\SlidingPuzle c++ A star\Debug\SlidingPuzle A star.exe;#1" /manifest "Debug\SlidingPuzle A star.exe.intermediate.manifest"
       FinalizeBuildStatus:
         Deleting file "Debug\SlidingPuzle A star.unsuccessfulbuild".
         Touching "Debug\SlidingPuzle A star.lastbuildstate".
     1>Done Building Project "E:\Users\yogesh\Desktop\ai\SlidingPuzle c++ A star\SlidingPuzle A star\SlidingPuzle A star.vcxproj" (build target(s)).

Build succeeded.

Time Elapsed 00:00:02.40
